亮粉
均勻膚色
掉屑
自然
會暈開
緊緻毛孔
不舒服
鎮定
消炎
改善橘皮
預防落髮
神秘感
防水
粉嫩
抗老
溫水可卸
捲翹
不油膩
改善粉刺
極速修護
豐盈
玫瑰花香
改善頭皮屑
弱酸性
溫和低刺激
花香
強韌髮絲
果香
服貼
舒緩
促進循環
好推勻
改善唇色
改善皺紋
淡化斑點
卡粉
會起削
改善細紋
會回購
清新
材質柔軟
淡化黑眼圈
易沖淨
柔嫩
閃爍
厚
塑身
無負擔
淡疤
止癢
不積線
泡泡綿密
會致痘
防油
乾燥
質地細緻
筆芯適中
空氣感
價格實在
滋潤
不泛白
亮片
柔順不糾結
柔順
不黏膩
好吸收
不暗沉
妝感自然
遮瑕力佳
用量省
珠光
柔焦膚質
防曬
積線
顯色
護色
好搭配
清涼感
低卡
天然
改善唇紋
深邃
會起屑
耐用
不致痘
使用後不緊繃
酒精味
新手易上手
增長
水亮
纖長
飽和
緊實
光澤
修護
去角質
彈力
抗敏
成份單純
好氣色
不悶
美白
方便
握柄順手好拿
盒子很美
根根分明
潤色
改善毛燥
修飾膚色
偏光
不致粉刺
毛孔遮瑕
香氣怡人
輕薄
加速上妝
明亮. 透亮
保濕
薄透
筆芯軟
持久
不緊繃
起泡容易
易乳化
控油
輕薄透亮
香甜
不產生蟑螂腳
果凍感
自然修飾
會黑
收斂
攜帶方便
不結塊
高係數清爽
深層清潔
光滑
手濕臉濕也能用
遮蓋唇色
改善眼周暗沉
好上手
乾爽
不引起過敏
拉提
溫熱感
多功能
濃密
泡沫豐富
霧面
油膩
不暈染
無香味
抗痘
速乾
修飾眼周暗沉
清潔力好
卡紋
清爽
豐唇
158
